  client_app.cc
  client_app_other.cc
  client_switches.cc
  client_app_browser.cc
  geometry_util.cc
  main_message_loop.cc
  main_message_loop_external_pump.cc
  main_message_loop_std.cc
  resource_util.cc
  client_app_delegates_common.cc
  scheme_test_common.cc
  binding_test.cc
  browser_window.cc
  bytes_write_handler.cc
  client_app_delegates_browser.cc
  client_browser.cc
  client_handler.cc
  client_handler_osr.cc
  client_handler_std.cc
  cookie_handler.cc
  dialog_test.cc
  drm_test.cc
  main_context.cc
  main_context_impl.cc
  osr_renderer.cc
  preferences_test.cc
  response_filter_test.cc
  root_window.cc
  root_window_create.cc
  root_window_manager.cc
  scheme_test.cc
  test_runner.cc
  urlrequest_test.cc
  window_test.cc
  window_test_runner.cc
  browser_creator.cc
  jni_tools.cc
  client_app_renderer.cc
  main_message_loop_external_pump_win.cc
  resource_util_win.cc
  util_win.cc
  client_app_delegates_renderer.cc
  client_renderer.cc
  performance_test.cc
  performance_test_tests.cc
  browser_window_osr_win.cc
  browser_window_std_win.cc
  main_context_impl_win.cc
  main_message_loop_multithreaded_win.cc
  osr_dragdrop_win.cc
  osr_ime_handler_win.cc
  osr_window_win.cc
  resource_util_win_idmap.cc
  root_window_views.cc
  root_window_win.cc
  temp_window_win.cc
  views_menu_bar.cc
  views_style.cc
  views_window.cc
  window_test_runner_views.cc
  window_test_runner_win.cc
  cefclient_win.cc
  chromium_loader_win.cc
     Creating library ..\out\Debug\lib\chromium_loader.lib and object ..\out\Debug\lib\chromium_loader.exp
  chromium_loader.vcxproj -> ..\out\Debug\\chromium_loader.dll
